<?xml version="1.0" encoding="UTF-8"?>
<testng-results ignored="0" total="1" passed="1" failed="0" skipped="0">
  <reporter-output>
  </reporter-output>
  <suite started-at="2023-08-10T23:46:01 IST" name="Tax Credit Survey First Page" finished-at="2023-08-10T23:46:30 IST" duration-ms="28823">
    <groups>
    </groups>
    <test started-at="2023-08-10T23:46:01 IST" name="Validate the field on first page of Survey form" finished-at="2023-08-10T23:46:30 IST" duration-ms="28823">
      <class name="Tests.TaxCreditSurveyDeclarationPageTest">
        <test-method is-config="true" signature="readConfigurationFile()[pri:0, instance:Tests.TaxCreditSurveyDeclarationPageTest@7334aada]" started-at="2023-08-10T23:46:01 IST" name="readConfigurationFile" finished-at="2023-08-10T23:46:01 IST" duration-ms="28" status="PASS">
          <reporter-output>
          </reporter-output>
        </test-method> <!-- readConfigurationFile -->
        <test-method is-config="true" signature="launchBrowser()[pri:0, instance:Tests.TaxCreditSurveyDeclarationPageTest@7334aada]" started-at="2023-08-10T23:46:01 IST" name="launchBrowser" finished-at="2023-08-10T23:46:16 IST" duration-ms="14493" status="PASS">
          <reporter-output>
          </reporter-output>
        </test-method> <!-- launchBrowser -->
        <test-method signature="VerifyThatUserNavigatesToEmployerServices(java.lang.String,java.lang.String,java.lang.String,java.lang.String,java.lang.String,java.lang.String)[pri:0, instance:Tests.TaxCreditSurveyDeclarationPageTest@7334aada]" started-at="2023-08-10T23:46:16 IST" name="VerifyThatUserNavigatesToEmployerServices" finished-at="2023-08-10T23:46:30 IST" duration-ms="13937" status="PASS">
          <params>
            <param index="0">
              <value>
                <![CDATA[Raju]]>
              </value>
            </param>
            <param index="1">
              <value>
                <![CDATA[Karmakar]]>
              </value>
            </param>
            <param index="2">
              <value>
                <![CDATA[rajukarmakar1454@gmail.com]]>
              </value>
            </param>
            <param index="3">
              <value>
                <![CDATA[Ramanthapur]]>
              </value>
            </param>
            <param index="4">
              <value>
                <![CDATA[Hyderabad]]>
              </value>
            </param>
            <param index="5">
              <value>
                <![CDATA[91754]]>
              </value>
            </param>
          </params>
          <reporter-output>
          </reporter-output>
        </test-method> <!-- VerifyThatUserNavigatesToEmployerServices -->
      </class> <!-- Tests.TaxCreditSurveyDeclarationPageTest -->
    </test> <!-- Validate the field on first page of Survey form -->
  </suite> <!-- Tax Credit Survey First Page -->
  <suite started-at="2023-08-10T23:46:31 IST" name="All Test Suite" finished-at="2023-08-10T23:46:31 IST" duration-ms="0">
    <groups>
    </groups>
  </suite> <!-- All Test Suite -->
</testng-results>
